<?xml version="1.0" encoding="UTF-8"?>
<testsuite name="nodomain.freeyourgadget.gadgetbridge.activities.appmanager.AbstractAppManagerFragmentTest" tests="1" skipped="0" failures="1" errors="0" timestamp="2023-02-07T16:59:24" hostname="DESKTOP-P1HHUKE" time="2.722">
  <properties/>
  <testcase name="test1" classname="nodomain.freeyourgadget.gadgetbridge.activities.appmanager.AbstractAppManagerFragmentTest" time="2.722">
    <failure message="java.lang.RuntimeException: huh? java 11, need help!" type="java.lang.RuntimeException">java.lang.RuntimeException: huh? java 11, need help!
	at org.robolectric.util.reflector.UnsafeAccess$Danger11Plus.throwException(UnsafeAccess.java:92)
	at org.robolectric.util.reflector.UnsafeAccess.throwException(UnsafeAccess.java:30)
	at org.robolectric.internal.bytecode.Sandbox.runOnMainThread(Sandbox.java:102)
	at org.robolectric.internal.bytecode.Sandbox.runOnMainThread(Sandbox.java:88)
	at org.robolectric.internal.SandboxTestRunner$2.evaluate(SandboxTestRunner.java:226)
	at org.junit.runners.ParentRunner.runLeaf(ParentRunner.java:325)
	at org.junit.runners.BlockJUnit4ClassRunner.runChild(BlockJUnit4ClassRunner.java:78)
	at org.junit.runners.BlockJUnit4ClassRunner.runChild(BlockJUnit4ClassRunner.java:57)
	at org.junit.runners.ParentRunner$3.run(ParentRunner.java:290)
	at org.junit.runners.ParentRunner$1.schedule(ParentRunner.java:71)
	at org.junit.runners.ParentRunner.runChildren(ParentRunner.java:288)
	at org.junit.runners.ParentRunner.access$000(ParentRunner.java:58)
	at org.junit.runners.ParentRunner$2.evaluate(ParentRunner.java:268)
	at org.robolectric.internal.SandboxTestRunner$1.evaluate(SandboxTestRunner.java:100)
	at org.junit.runners.ParentRunner.run(ParentRunner.java:363)
	at org.gradle.api.internal.tasks.testing.junit.JUnitTestClassExecutor.runTestClass(JUnitTestClassExecutor.java:110)
	at org.gradle.api.internal.tasks.testing.junit.JUnitTestClassExecutor.execute(JUnitTestClassExecutor.java:58)
	at org.gradle.api.internal.tasks.testing.junit.JUnitTestClassExecutor.execute(JUnitTestClassExecutor.java:38)
	at org.gradle.api.internal.tasks.testing.junit.AbstractJUnitTestClassProcessor.processTestClass(AbstractJUnitTestClassProcessor.java:62)
	at org.gradle.api.internal.tasks.testing.SuiteTestClassProcessor.processTestClass(SuiteTestClassProcessor.java:51)
	at java.base/jdk.internal.reflect.NativeMethodAccessorImpl.invoke0(Native Method)
	at java.base/jdk.internal.reflect.NativeMethodAccessorImpl.invoke(NativeMethodAccessorImpl.java:62)
	at java.base/jdk.internal.reflect.DelegatingMethodAccessorImpl.invoke(DelegatingMethodAccessorImpl.java:43)
	at java.base/java.lang.reflect.Method.invoke(Method.java:566)
	at org.gradle.internal.dispatch.ReflectionDispatch.dispatch(ReflectionDispatch.java:36)
	at org.gradle.internal.dispatch.ReflectionDispatch.dispatch(ReflectionDispatch.java:24)
	at org.gradle.internal.dispatch.ContextClassLoaderDispatch.dispatch(ContextClassLoaderDispatch.java:33)
	at org.gradle.internal.dispatch.ProxyDispatchAdapter$DispatchingInvocationHandler.invoke(ProxyDispatchAdapter.java:94)
	at com.sun.proxy.$Proxy2.processTestClass(Unknown Source)
	at org.gradle.api.internal.tasks.testing.worker.TestWorker$2.run(TestWorker.java:176)
	at org.gradle.api.internal.tasks.testing.worker.TestWorker.executeAndMaintainThreadName(TestWorker.java:129)
	at org.gradle.api.internal.tasks.testing.worker.TestWorker.execute(TestWorker.java:100)
	at org.gradle.api.internal.tasks.testing.worker.TestWorker.execute(TestWorker.java:60)
	at org.gradle.process.internal.worker.child.ActionExecutionWorker.execute(ActionExecutionWorker.java:56)
	at org.gradle.process.internal.worker.child.SystemApplicationClassLoaderWorker.call(SystemApplicationClassLoaderWorker.java:133)
	at org.gradle.process.internal.worker.child.SystemApplicationClassLoaderWorker.call(SystemApplicationClassLoaderWorker.java:71)
	at worker.org.gradle.process.internal.worker.GradleWorkerMain.run(GradleWorkerMain.java:69)
	at worker.org.gradle.process.internal.worker.GradleWorkerMain.main(GradleWorkerMain.java:74)
Caused by: java.lang.RuntimeException: huh? java 11, need help!
	at org.robolectric.util.reflector.UnsafeAccess$Danger11Plus.throwException(UnsafeAccess.java:92)
	at org.robolectric.util.reflector.UnsafeAccess.throwException(UnsafeAccess.java:30)
	at org.robolectric.internal.SandboxTestRunner$2.lambda$evaluate$0(SandboxTestRunner.java:261)
	at org.robolectric.internal.bytecode.Sandbox.lambda$runOnMainThread$0(Sandbox.java:89)
	at java.base/java.util.concurrent.FutureTask.run(FutureTask.java:264)
	at java.base/java.util.concurrent.ThreadPoolExecutor.runWorker(ThreadPoolExecutor.java:1128)
	at java.base/java.util.concurrent.ThreadPoolExecutor$Worker.run(ThreadPoolExecutor.java:628)
	at java.base/java.lang.Thread.run(Thread.java:829)
Caused by: java.lang.RuntimeException: java.lang.RuntimeException: Failed to parse package build\intermediates\apk_for_local_test\fullDebugUnitTest\apk-for-local-test.ap_: build\intermediates\apk_for_local_test\fullDebugUnitTest\apk-for-local-test.ap_ (at Binary XML file line #7): Requires newer sdk version #23 (current version is #19)
	at org.robolectric.shadows.ShadowPackageParser.callParsePackage(ShadowPackageParser.java:63)
	at org.robolectric.android.internal.AndroidEnvironment.loadAppPackage_measured(AndroidEnvironment.java:291)
	at org.robolectric.android.internal.AndroidEnvironment.lambda$loadAppPackage$1(AndroidEnvironment.java:261)
	at org.robolectric.util.PerfStatsCollector.measure(PerfStatsCollector.java:53)
	at org.robolectric.android.internal.AndroidEnvironment.loadAppPackage(AndroidEnvironment.java:259)
	at org.robolectric.android.internal.AndroidEnvironment.installAndCreateApplication(AndroidEnvironment.java:158)
	at org.robolectric.android.internal.AndroidEnvironment.setUpApplicationState(AndroidEnvironment.java:149)
	at org.robolectric.RobolectricTestRunner.beforeTest(RobolectricTestRunner.java:298)
	at org.robolectric.internal.SandboxTestRunner$2.lambda$evaluate$0(SandboxTestRunner.java:247)
	... 5 more
Caused by: java.lang.RuntimeException: Failed to parse package build\intermediates\apk_for_local_test\fullDebugUnitTest\apk-for-local-test.ap_: build\intermediates\apk_for_local_test\fullDebugUnitTest\apk-for-local-test.ap_ (at Binary XML file line #7): Requires newer sdk version #23 (current version is #19)
	at org.robolectric.shadows.ShadowPackageParser.callParsePackage(ShadowPackageParser.java:56)
	... 13 more
</failure>
  </testcase>
  <system-out><![CDATA[[Robolectric] nodomain.freeyourgadget.gadgetbridge.activities.appmanager.AbstractAppManagerFragmentTest.test1: sdk=19; resources=BINARY
W/PackageParser: build\intermediates\apk_for_local_test\fullDebugUnitTest\apk-for-local-test.ap_ (at Binary XML file line #7): Requires newer sdk version #23 (current version is #19)
]]></system-out>
  <system-err><![CDATA[]]></system-err>
</testsuite>
