# JRE version: OpenJDK Runtime Environment (11.0.10+9) (build 11.0.10+9-Ubuntu-0ubuntu1.20.04)
# Java VM: OpenJDK 64-Bit Server VM (11.0.10+9-Ubuntu-0ubuntu1.20.04, mixed mode, sharing, tiered, compressed oops, g1 gc, linux-amd64)
Heap:
 garbage-first heap   total 494592K, used 219645K [0x00000000e0000000, 0x0000000100000000)
  region size 1024K, 83 young (84992K), 3 survivors (3072K)
 Metaspace       used 62802K, capacity 66778K, committed 66896K, reserved 1107968K
  class space    used 7700K, capacity 9410K, committed 9420K, reserved 1048576K
GC Heap History (20 events):
Event: 62.718 GC heap before
{Heap before GC invocations=192 (full 0):
 garbage-first heap   total 494592K, used 245687K [0x00000000e0000000, 0x0000000100000000)
  region size 1024K, 27 young (27648K), 2 survivors (2048K)
 Metaspace       used 54732K, capacity 58533K, committed 58704K, reserved 1099776K
  class space    used 6370K, capacity 8033K, committed 8140K, reserved 1048576K
}
Event: 62.733 GC heap after
{Heap after GC invocations=193 (full 0):
 garbage-first heap   total 494592K, used 220601K [0x00000000e0000000, 0x0000000100000000)
  region size 1024K, 2 young (2048K), 2 survivors (2048K)
 Metaspace       used 54732K, capacity 58533K, committed 58704K, reserved 1099776K
  class space    used 6370K, capacity 8033K, committed 8140K, reserved 1048576K
}
Event: 66.248 GC heap before
{Heap before GC invocations=194 (full 0):
 garbage-first heap   total 494592K, used 245177K [0x00000000e0000000, 0x0000000100000000)
  region size 1024K, 27 young (27648K), 2 survivors (2048K)
 Metaspace       used 54955K, capacity 58754K, committed 58960K, reserved 1099776K
  class space    used 6393K, capacity 8049K, committed 8140K, reserved 1048576K
}
Event: 66.260 GC heap after
{Heap after GC invocations=195 (full 0):
 garbage-first heap   total 494592K, used 220615K [0x00000000e0000000, 0x0000000100000000)
  region size 1024K, 2 young (2048K), 2 survivors (2048K)
 Metaspace       used 54955K, capacity 58754K, committed 58960K, reserved 1099776K
  class space    used 6393K, capacity 8049K, committed 8140K, reserved 1048576K
}
Event: 66.318 GC heap before
{Heap before GC invocations=196 (full 0):
 garbage-first heap   total 494592K, used 221639K [0x00000000e0000000, 0x0000000100000000)
  region size 1024K, 4 young (4096K), 2 survivors (2048K)
 Metaspace       used 54956K, capacity 58754K, committed 58960K, reserved 1099776K
  class space    used 6393K, capacity 8049K, committed 8140K, reserved 1048576K
}
Event: 66.328 GC heap after
{Heap after GC invocations=197 (full 0):
 garbage-first heap   total 494592K, used 220215K [0x00000000e0000000, 0x0000000100000000)
  region size 1024K, 2 young (2048K), 2 survivors (2048K)
 Metaspace       used 54956K, capacity 58754K, committed 58960K, reserved 1099776K
  class space    used 6393K, capacity 8049K, committed 8140K, reserved 1048576K
}
Event: 68.751 GC heap before
{Heap before GC invocations=198 (full 0):
 garbage-first heap   total 494592K, used 236599K [0x00000000e0000000, 0x0000000100000000)
  region size 1024K, 19 young (19456K), 2 survivors (2048K)
 Metaspace       used 55116K, capacity 58940K, committed 59216K, reserved 1099776K
  class space    used 6412K, capacity 8092K, committed 8140K, reserved 1048576K
}
Event: 68.766 GC heap after
{Heap after GC invocations=199 (full 0):
 garbage-first heap   total 494592K, used 220457K [0x00000000e0000000, 0x0000000100000000)
  region size 1024K, 2 young (2048K), 2 survivors (2048K)
 Metaspace       used 55116K, capacity 58940K, committed 59216K, reserved 1099776K
  class space    used 6412K, capacity 8092K, committed 8140K, reserved 1048576K
}
Event: 71.093 GC heap before
{Heap before GC invocations=200 (full 0):
 garbage-first heap   total 494592K, used 239913K [0x00000000e0000000, 0x0000000100000000)
  region size 1024K, 22 young (22528K), 2 survivors (2048K)
 Metaspace       used 55307K, capacity 59119K, committed 59216K, reserved 1099776K
  class space    used 6433K, capacity 8102K, committed 8140K, reserved 1048576K
}
Event: 71.109 GC heap after
{Heap after GC invocations=201 (full 0):
 garbage-first heap   total 494592K, used 220533K [0x00000000e0000000, 0x0000000100000000)
  region size 1024K, 2 young (2048K), 2 survivors (2048K)
 Metaspace       used 55307K, capacity 59119K, committed 59216K, reserved 1099776K
  class space    used 6433K, capacity 8102K, committed 8140K, reserved 1048576K
}
Event: 71.170 GC heap before
{Heap before GC invocations=202 (full 0):
 garbage-first heap   total 494592K, used 221557K [0x00000000e0000000, 0x0000000100000000)
  region size 1024K, 4 young (4096K), 2 survivors (2048K)
 Metaspace       used 55308K, capacity 59119K, committed 59216K, reserved 1099776K
  class space    used 6433K, capacity 8102K, committed 8140K, reserved 1048576K
}
Event: 71.180 GC heap after
{Heap after GC invocations=203 (full 0):
 garbage-first heap   total 494592K, used 220342K [0x00000000e0000000, 0x0000000100000000)
  region size 1024K, 2 young (2048K), 2 survivors (2048K)
 Metaspace       used 55308K, capacity 59119K, committed 59216K, reserved 1099776K
  class space    used 6433K, capacity 8102K, committed 8140K, reserved 1048576K
}
Event: 73.490 GC heap before
{Heap before GC invocations=204 (full 0):
 garbage-first heap   total 494592K, used 236726K [0x00000000e0000000, 0x0000000100000000)
  region size 1024K, 19 young (19456K), 2 survivors (2048K)
 Metaspace       used 55481K, capacity 59333K, committed 59472K, reserved 1101824K
  class space    used 6451K, capacity 8111K, committed 8140K, reserved 1048576K
}
Event: 73.525 GC heap after
{Heap after GC invocations=205 (full 0):
 garbage-first heap   total 494592K, used 220570K [0x00000000e0000000, 0x0000000100000000)
  region size 1024K, 2 young (2048K), 2 survivors (2048K)
 Metaspace       used 55481K, capacity 59333K, committed 59472K, reserved 1101824K
  class space    used 6451K, capacity 8111K, committed 8140K, reserved 1048576K
}
Event: 73.600 GC heap before
{Heap before GC invocations=206 (full 0):
 garbage-first heap   total 494592K, used 267674K [0x00000000e0000000, 0x0000000100000000)
  region size 1024K, 4 young (4096K), 2 survivors (2048K)
 Metaspace       used 55481K, capacity 59333K, committed 59472K, reserved 1101824K
  class space    used 6451K, capacity 8111K, committed 8140K, reserved 1048576K
}
Event: 73.612 GC heap after
{Heap after GC invocations=207 (full 0):
 garbage-first heap   total 494592K, used 266490K [0x00000000e0000000, 0x0000000100000000)
  region size 1024K, 2 young (2048K), 2 survivors (2048K)
 Metaspace       used 55481K, capacity 59333K, committed 59472K, reserved 1101824K
  class space    used 6451K, capacity 8111K, committed 8140K, reserved 1048576K
}
Event: 76.574 GC heap before
{Heap before GC invocations=208 (full 0):
 garbage-first heap   total 494592K, used 345338K [0x00000000e0000000, 0x0000000100000000)
  region size 1024K, 142 young (145408K), 2 survivors (2048K)
 Metaspace       used 62422K, capacity 66402K, committed 66640K, reserved 1105920K
  class space    used 7636K, capacity 9319K, committed 9420K, reserved 1048576K
}
Event: 76.595 GC heap after
{Heap after GC invocations=209 (full 0):
 garbage-first heap   total 494592K, used 203471K [0x00000000e0000000, 0x0000000100000000)
  region size 1024K, 3 young (3072K), 3 survivors (3072K)
 Metaspace       used 62422K, capacity 66402K, committed 66640K, reserved 1105920K
  class space    used 7636K, capacity 9319K, committed 9420K, reserved 1048576K
}
Event: 76.625 GC heap before
{Heap before GC invocations=209 (full 0):
 garbage-first heap   total 494592K, used 234191K [0x00000000e0000000, 0x0000000100000000)
  region size 1024K, 16 young (16384K), 3 survivors (3072K)
 Metaspace       used 62426K, capacity 66402K, committed 66640K, reserved 1105920K
  class space    used 7636K, capacity 9319K, committed 9420K, reserved 1048576K
}
Event: 76.629 GC heap after
{Heap after GC invocations=210 (full 0):
 garbage-first heap   total 494592K, used 221693K [0x00000000e0000000, 0x0000000100000000)
  region size 1024K, 3 young (3072K), 3 survivors (3072K)
 Metaspace       used 62426K, capacity 66402K, committed 66640K, reserved 1105920K
  class space    used 7636K, capacity 9319K, committed 9420K, reserved 1048576K
}

