# JRE version: OpenJDK Runtime Environment (11.0.10+9) (build 11.0.10+9-Ubuntu-0ubuntu1.20.04)
# Java VM: OpenJDK 64-Bit Server VM (11.0.10+9-Ubuntu-0ubuntu1.20.04, mixed mode, sharing, tiered, compressed oops, g1 gc, linux-amd64)
Heap:
 garbage-first heap   total 486400K, used 122771K [0x00000000e0000000, 0x0000000100000000)
  region size 1024K, 5 young (5120K), 3 survivors (3072K)
 Metaspace       used 63093K, capacity 67057K, committed 67280K, reserved 1107968K
  class space    used 7747K, capacity 9455K, committed 9548K, reserved 1048576K
GC Heap History (20 events):
Event: 70.871 GC heap before
{Heap before GC invocations=205 (full 0):
 garbage-first heap   total 486400K, used 238569K [0x00000000e0000000, 0x0000000100000000)
  region size 1024K, 29 young (29696K), 2 survivors (2048K)
 Metaspace       used 55256K, capacity 59132K, committed 59216K, reserved 1099776K
  class space    used 6424K, capacity 8103K, committed 8140K, reserved 1048576K
}
Event: 70.885 GC heap after
{Heap after GC invocations=206 (full 0):
 garbage-first heap   total 486400K, used 212205K [0x00000000e0000000, 0x0000000100000000)
  region size 1024K, 2 young (2048K), 2 survivors (2048K)
 Metaspace       used 55256K, capacity 59132K, committed 59216K, reserved 1099776K
  class space    used 6424K, capacity 8103K, committed 8140K, reserved 1048576K
}
Event: 70.953 GC heap before
{Heap before GC invocations=207 (full 0):
 garbage-first heap   total 486400K, used 259309K [0x00000000e0000000, 0x0000000100000000)
  region size 1024K, 4 young (4096K), 2 survivors (2048K)
 Metaspace       used 55257K, capacity 59135K, committed 59216K, reserved 1099776K
  class space    used 6424K, capacity 8104K, committed 8140K, reserved 1048576K
}
Event: 70.965 GC heap after
{Heap after GC invocations=208 (full 0):
 garbage-first heap   total 486400K, used 258054K [0x00000000e0000000, 0x0000000100000000)
  region size 1024K, 2 young (2048K), 2 survivors (2048K)
 Metaspace       used 55257K, capacity 59135K, committed 59216K, reserved 1099776K
  class space    used 6424K, capacity 8104K, committed 8140K, reserved 1048576K
}
Event: 72.188 GC heap before
{Heap before GC invocations=209 (full 0):
 garbage-first heap   total 486400K, used 221190K [0x00000000e0000000, 0x0000000100000000)
  region size 1024K, 12 young (12288K), 2 survivors (2048K)
 Metaspace       used 55367K, capacity 59175K, committed 59216K, reserved 1099776K
  class space    used 6439K, capacity 8108K, committed 8140K, reserved 1048576K
}
Event: 72.210 GC heap after
{Heap after GC invocations=210 (full 0):
 garbage-first heap   total 486400K, used 211980K [0x00000000e0000000, 0x0000000100000000)
  region size 1024K, 2 young (2048K), 2 survivors (2048K)
 Metaspace       used 55367K, capacity 59175K, committed 59216K, reserved 1099776K
  class space    used 6439K, capacity 8108K, committed 8140K, reserved 1048576K
}
Event: 73.350 GC heap before
{Heap before GC invocations=211 (full 0):
 garbage-first heap   total 486400K, used 221196K [0x00000000e0000000, 0x0000000100000000)
  region size 1024K, 12 young (12288K), 2 survivors (2048K)
 Metaspace       used 55488K, capacity 59375K, committed 59600K, reserved 1101824K
  class space    used 6454K, capacity 8144K, committed 8268K, reserved 1048576K
}
Event: 73.366 GC heap after
{Heap after GC invocations=212 (full 0):
 garbage-first heap   total 486400K, used 211985K [0x00000000e0000000, 0x0000000100000000)
  region size 1024K, 2 young (2048K), 2 survivors (2048K)
 Metaspace       used 55488K, capacity 59375K, committed 59600K, reserved 1101824K
  class space    used 6454K, capacity 8144K, committed 8268K, reserved 1048576K
}
Event: 76.207 GC heap before
{Heap before GC invocations=213 (full 0):
 garbage-first heap   total 486400K, used 387089K [0x00000000e0000000, 0x0000000100000000)
  region size 1024K, 120 young (122880K), 2 survivors (2048K)
 Metaspace       used 62354K, capacity 66209K, committed 66640K, reserved 1105920K
  class space    used 7636K, capacity 9315K, committed 9420K, reserved 1048576K
}
Event: 76.222 GC heap after
{Heap after GC invocations=214 (full 0):
 garbage-first heap   total 486400K, used 268772K [0x00000000e0000000, 0x0000000100000000)
  region size 1024K, 3 young (3072K), 3 survivors (3072K)
 Metaspace       used 62354K, capacity 66209K, committed 66640K, reserved 1105920K
  class space    used 7636K, capacity 9315K, committed 9420K, reserved 1048576K
}
Event: 80.833 GC heap before
{Heap before GC invocations=215 (full 0):
 garbage-first heap   total 486400K, used 325092K [0x00000000e0000000, 0x0000000100000000)
  region size 1024K, 139 young (142336K), 3 survivors (3072K)
 Metaspace       used 62813K, capacity 66782K, committed 66896K, reserved 1107968K
  class space    used 7707K, capacity 9417K, committed 9420K, reserved 1048576K
}
Event: 80.836 GC heap after
{Heap after GC invocations=216 (full 0):
 garbage-first heap   total 486400K, used 186436K [0x00000000e0000000, 0x0000000100000000)
  region size 1024K, 4 young (4096K), 4 survivors (4096K)
 Metaspace       used 62813K, capacity 66782K, committed 66896K, reserved 1107968K
  class space    used 7707K, capacity 9417K, committed 9420K, reserved 1048576K
}
Event: 81.983 GC heap before
{Heap before GC invocations=216 (full 0):
 garbage-first heap   total 486400K, used 297028K [0x00000000e0000000, 0x0000000100000000)
  region size 1024K, 86 young (88064K), 4 survivors (4096K)
 Metaspace       used 62947K, capacity 66892K, committed 67280K, reserved 1107968K
  class space    used 7722K, capacity 9422K, committed 9548K, reserved 1048576K
}
Event: 81.989 GC heap after
{Heap after GC invocations=217 (full 0):
 garbage-first heap   total 486400K, used 213916K [0x00000000e0000000, 0x0000000100000000)
  region size 1024K, 4 young (4096K), 4 survivors (4096K)
 Metaspace       used 62947K, capacity 66892K, committed 67280K, reserved 1107968K
  class space    used 7722K, capacity 9422K, committed 9548K, reserved 1048576K
}
Event: 82.107 GC heap before
{Heap before GC invocations=218 (full 0):
 garbage-first heap   total 486400K, used 249756K [0x00000000e0000000, 0x0000000100000000)
  region size 1024K, 40 young (40960K), 4 survivors (4096K)
 Metaspace       used 62949K, capacity 66894K, committed 67280K, reserved 1107968K
  class space    used 7722K, capacity 9422K, committed 9548K, reserved 1048576K
}
Event: 82.119 GC heap after
{Heap after GC invocations=219 (full 0):
 garbage-first heap   total 486400K, used 213750K [0x00000000e0000000, 0x0000000100000000)
  region size 1024K, 3 young (3072K), 3 survivors (3072K)
 Metaspace       used 62949K, capacity 66894K, committed 67280K, reserved 1107968K
  class space    used 7722K, capacity 9422K, committed 9548K, reserved 1048576K
}
Event: 83.291 GC heap before
{Heap before GC invocations=220 (full 0):
 garbage-first heap   total 486400K, used 275190K [0x00000000e0000000, 0x0000000100000000)
  region size 1024K, 64 young (65536K), 3 survivors (3072K)
 Metaspace       used 63022K, capacity 66961K, committed 67280K, reserved 1107968K
  class space    used 7735K, capacity 9423K, committed 9548K, reserved 1048576K
}
Event: 83.302 GC heap after
{Heap after GC invocations=221 (full 0):
 garbage-first heap   total 486400K, used 213853K [0x00000000e0000000, 0x0000000100000000)
  region size 1024K, 3 young (3072K), 3 survivors (3072K)
 Metaspace       used 63022K, capacity 66961K, committed 67280K, reserved 1107968K
  class space    used 7735K, capacity 9423K, committed 9548K, reserved 1048576K
}
Event: 84.481 GC heap before
{Heap before GC invocations=222 (full 0):
 garbage-first heap   total 486400K, used 276317K [0x00000000e0000000, 0x0000000100000000)
  region size 1024K, 65 young (66560K), 3 survivors (3072K)
 Metaspace       used 63129K, capacity 67097K, committed 67280K, reserved 1107968K
  class space    used 7750K, capacity 9459K, committed 9548K, reserved 1048576K
}
Event: 84.494 GC heap after
{Heap after GC invocations=223 (full 0):
 garbage-first heap   total 486400K, used 213907K [0x00000000e0000000, 0x0000000100000000)
  region size 1024K, 3 young (3072K), 3 survivors (3072K)
 Metaspace       used 63129K, capacity 67097K, committed 67280K, reserved 1107968K
  class space    used 7750K, capacity 9459K, committed 9548K, reserved 1048576K
}

