# JRE version: OpenJDK Runtime Environment (11.0.10+9) (build 11.0.10+9-Ubuntu-0ubuntu1.20.04)
# Java VM: OpenJDK 64-Bit Server VM (11.0.10+9-Ubuntu-0ubuntu1.20.04, mixed mode, sharing, tiered, compressed oops, g1 gc, linux-amd64)
Heap:
 garbage-first heap   total 494592K, used 140421K [0x00000000e0000000, 0x0000000100000000)
  region size 1024K, 5 young (5120K), 3 survivors (3072K)
 Metaspace       used 63042K, capacity 66953K, committed 67280K, reserved 1107968K
  class space    used 7726K, capacity 9422K, committed 9548K, reserved 1048576K
GC Heap History (20 events):
Event: 70.396 GC heap before
{Heap before GC invocations=193 (full 0):
 garbage-first heap   total 494592K, used 246254K [0x00000000e0000000, 0x0000000100000000)
  region size 1024K, 28 young (28672K), 2 survivors (2048K)
 Metaspace       used 55014K, capacity 58856K, committed 58960K, reserved 1099776K
  class space    used 6400K, capacity 8081K, committed 8140K, reserved 1048576K
}
Event: 70.417 GC heap after
{Heap after GC invocations=194 (full 0):
 garbage-first heap   total 494592K, used 220684K [0x00000000e0000000, 0x0000000100000000)
  region size 1024K, 2 young (2048K), 2 survivors (2048K)
 Metaspace       used 55014K, capacity 58856K, committed 58960K, reserved 1099776K
  class space    used 6400K, capacity 8081K, committed 8140K, reserved 1048576K
}
Event: 70.529 GC heap before
{Heap before GC invocations=195 (full 0):
 garbage-first heap   total 494592K, used 258572K [0x00000000e0000000, 0x0000000100000000)
  region size 1024K, 4 young (4096K), 2 survivors (2048K)
 Metaspace       used 55016K, capacity 58856K, committed 58960K, reserved 1099776K
  class space    used 6400K, capacity 8081K, committed 8140K, reserved 1048576K
}
Event: 70.555 GC heap after
{Heap after GC invocations=196 (full 0):
 garbage-first heap   total 494592K, used 257230K [0x00000000e0000000, 0x0000000100000000)
  region size 1024K, 2 young (2048K), 2 survivors (2048K)
 Metaspace       used 55016K, capacity 58856K, committed 58960K, reserved 1099776K
  class space    used 6400K, capacity 8081K, committed 8140K, reserved 1048576K
}
Event: 74.001 GC heap before
{Heap before GC invocations=197 (full 0):
 garbage-first heap   total 494592K, used 243918K [0x00000000e0000000, 0x0000000100000000)
  region size 1024K, 26 young (26624K), 2 survivors (2048K)
 Metaspace       used 55236K, capacity 59082K, committed 59216K, reserved 1099776K
  class space    used 6423K, capacity 8097K, committed 8140K, reserved 1048576K
}
Event: 74.028 GC heap after
{Heap after GC invocations=198 (full 0):
 garbage-first heap   total 494592K, used 220697K [0x00000000e0000000, 0x0000000100000000)
  region size 1024K, 2 young (2048K), 2 survivors (2048K)
 Metaspace       used 55236K, capacity 59082K, committed 59216K, reserved 1099776K
  class space    used 6423K, capacity 8097K, committed 8140K, reserved 1048576K
}
Event: 75.224 GC heap before
{Heap before GC invocations=199 (full 0):
 garbage-first heap   total 494592K, used 232985K [0x00000000e0000000, 0x0000000100000000)
  region size 1024K, 15 young (15360K), 2 survivors (2048K)
 Metaspace       used 55363K, capacity 59189K, committed 59472K, reserved 1101824K
  class space    used 6440K, capacity 8102K, committed 8140K, reserved 1048576K
}
Event: 75.246 GC heap after
{Heap after GC invocations=200 (full 0):
 garbage-first heap   total 494592K, used 220520K [0x00000000e0000000, 0x0000000100000000)
  region size 1024K, 2 young (2048K), 2 survivors (2048K)
 Metaspace       used 55363K, capacity 59189K, committed 59472K, reserved 1101824K
  class space    used 6440K, capacity 8102K, committed 8140K, reserved 1048576K
}
Event: 76.476 GC heap before
{Heap before GC invocations=201 (full 0):
 garbage-first heap   total 494592K, used 275816K [0x00000000e0000000, 0x0000000100000000)
  region size 1024K, 12 young (12288K), 2 survivors (2048K)
 Metaspace       used 55472K, capacity 59325K, committed 59600K, reserved 1101824K
  class space    used 6455K, capacity 8138K, committed 8268K, reserved 1048576K
}
Event: 76.498 GC heap after
{Heap after GC invocations=202 (full 0):
 garbage-first heap   total 494592K, used 266503K [0x00000000e0000000, 0x0000000100000000)
  region size 1024K, 2 young (2048K), 2 survivors (2048K)
 Metaspace       used 55472K, capacity 59325K, committed 59600K, reserved 1101824K
  class space    used 6455K, capacity 8138K, committed 8268K, reserved 1048576K
}
Event: 77.654 GC heap before
{Heap before GC invocations=203 (full 0):
 garbage-first heap   total 494592K, used 229639K [0x00000000e0000000, 0x0000000100000000)
  region size 1024K, 12 young (12288K), 2 survivors (2048K)
 Metaspace       used 55590K, capacity 59493K, committed 59856K, reserved 1101824K
  class space    used 6470K, capacity 8142K, committed 8268K, reserved 1048576K
}
Event: 77.679 GC heap after
{Heap after GC invocations=204 (full 0):
 garbage-first heap   total 494592K, used 220453K [0x00000000e0000000, 0x0000000100000000)
  region size 1024K, 2 young (2048K), 2 survivors (2048K)
 Metaspace       used 55590K, capacity 59493K, committed 59856K, reserved 1101824K
  class space    used 6470K, capacity 8142K, committed 8268K, reserved 1048576K
}
Event: 77.776 GC heap before
{Heap before GC invocations=205 (full 0):
 garbage-first heap   total 494592K, used 258341K [0x00000000e0000000, 0x0000000100000000)
  region size 1024K, 4 young (4096K), 2 survivors (2048K)
 Metaspace       used 55593K, capacity 59493K, committed 59856K, reserved 1101824K
  class space    used 6470K, capacity 8142K, committed 8268K, reserved 1048576K
}
Event: 77.800 GC heap after
{Heap after GC invocations=206 (full 0):
 garbage-first heap   total 494592K, used 257256K [0x00000000e0000000, 0x0000000100000000)
  region size 1024K, 2 young (2048K), 2 survivors (2048K)
 Metaspace       used 55593K, capacity 59493K, committed 59856K, reserved 1101824K
  class space    used 6470K, capacity 8142K, committed 8268K, reserved 1048576K
}
Event: 81.274 GC heap before
{Heap before GC invocations=207 (full 0):
 garbage-first heap   total 494592K, used 292072K [0x00000000e0000000, 0x0000000100000000)
  region size 1024K, 153 young (156672K), 2 survivors (2048K)
 Metaspace       used 62528K, capacity 66539K, committed 66640K, reserved 1105920K
  class space    used 7658K, capacity 9354K, committed 9420K, reserved 1048576K
}
Event: 81.294 GC heap after
{Heap after GC invocations=208 (full 0):
 garbage-first heap   total 494592K, used 139015K [0x00000000e0000000, 0x0000000100000000)
  region size 1024K, 3 young (3072K), 3 survivors (3072K)
 Metaspace       used 62528K, capacity 66539K, committed 66640K, reserved 1105920K
  class space    used 7658K, capacity 9354K, committed 9420K, reserved 1048576K
}
Event: 87.332 GC heap before
{Heap before GC invocations=208 (full 0):
 garbage-first heap   total 494592K, used 354055K [0x00000000e0000000, 0x0000000100000000)
  region size 1024K, 133 young (136192K), 3 survivors (3072K)
 Metaspace       used 63140K, capacity 67098K, committed 67280K, reserved 1107968K
  class space    used 7739K, capacity 9444K, committed 9548K, reserved 1048576K
}
Event: 87.336 GC heap after
{Heap after GC invocations=209 (full 0):
 garbage-first heap   total 494592K, used 222779K [0x00000000e0000000, 0x0000000100000000)
  region size 1024K, 4 young (4096K), 4 survivors (4096K)
 Metaspace       used 63140K, capacity 67098K, committed 67280K, reserved 1107968K
  class space    used 7739K, capacity 9444K, committed 9548K, reserved 1048576K
}
Event: 87.514 GC heap before
{Heap before GC invocations=210 (full 0):
 garbage-first heap   total 494592K, used 310843K [0x00000000e0000000, 0x0000000100000000)
  region size 1024K, 91 young (93184K), 4 survivors (4096K)
 Metaspace       used 63042K, capacity 66952K, committed 67280K, reserved 1107968K
  class space    used 7726K, capacity 9422K, committed 9548K, reserved 1048576K
}
Event: 87.534 GC heap after
{Heap after GC invocations=211 (full 0):
 garbage-first heap   total 494592K, used 222341K [0x00000000e0000000, 0x0000000100000000)
  region size 1024K, 3 young (3072K), 3 survivors (3072K)
 Metaspace       used 63042K, capacity 66952K, committed 67280K, reserved 1107968K
  class space    used 7726K, capacity 9422K, committed 9548K, reserved 1048576K
}

