# JRE version: OpenJDK Runtime Environment (11.0.10+9) (build 11.0.10+9-Ubuntu-0ubuntu1.20.04)
# Java VM: OpenJDK 64-Bit Server VM (11.0.10+9-Ubuntu-0ubuntu1.20.04, mixed mode, sharing, tiered, compressed oops, g1 gc, linux-amd64)
Heap:
 garbage-first heap   total 485376K, used 302150K [0x00000000e0000000, 0x0000000100000000)
  region size 1024K, 118 young (120832K), 3 survivors (3072K)
 Metaspace       used 62765K, capacity 66741K, committed 66896K, reserved 1107968K
  class space    used 7702K, capacity 9415K, committed 9420K, reserved 1048576K
GC Heap History (20 events):
Event: 58.640 GC heap before
{Heap before GC invocations=196 (full 0):
 garbage-first heap   total 485376K, used 275282K [0x00000000e0000000, 0x0000000100000000)
  region size 1024K, 65 young (66560K), 2 survivors (2048K)
 Metaspace       used 54464K, capacity 58248K, committed 58320K, reserved 1099776K
  class space    used 6335K, capacity 7988K, committed 8012K, reserved 1048576K
}
Event: 58.655 GC heap after
{Heap after GC invocations=197 (full 0):
 garbage-first heap   total 485376K, used 212348K [0x00000000e0000000, 0x0000000100000000)
  region size 1024K, 2 young (2048K), 2 survivors (2048K)
 Metaspace       used 54464K, capacity 58248K, committed 58320K, reserved 1099776K
  class space    used 6335K, capacity 7988K, committed 8012K, reserved 1048576K
}
Event: 61.180 GC heap before
{Heap before GC invocations=198 (full 0):
 garbage-first heap   total 485376K, used 229756K [0x00000000e0000000, 0x0000000100000000)
  region size 1024K, 20 young (20480K), 2 survivors (2048K)
 Metaspace       used 54635K, capacity 58430K, committed 58704K, reserved 1099776K
  class space    used 6355K, capacity 8029K, committed 8140K, reserved 1048576K
}
Event: 61.194 GC heap after
{Heap after GC invocations=199 (full 0):
 garbage-first heap   total 485376K, used 211787K [0x00000000e0000000, 0x0000000100000000)
  region size 1024K, 2 young (2048K), 2 survivors (2048K)
 Metaspace       used 54635K, capacity 58430K, committed 58704K, reserved 1099776K
  class space    used 6355K, capacity 8029K, committed 8140K, reserved 1048576K
}
Event: 66.070 GC heap before
{Heap before GC invocations=200 (full 0):
 garbage-first heap   total 485376K, used 244555K [0x00000000e0000000, 0x0000000100000000)
  region size 1024K, 35 young (35840K), 2 survivors (2048K)
 Metaspace       used 54913K, capacity 58781K, committed 58960K, reserved 1099776K
  class space    used 6383K, capacity 8053K, committed 8140K, reserved 1048576K
}
Event: 66.086 GC heap after
{Heap after GC invocations=201 (full 0):
 garbage-first heap   total 485376K, used 211955K [0x00000000e0000000, 0x0000000100000000)
  region size 1024K, 2 young (2048K), 2 survivors (2048K)
 Metaspace       used 54913K, capacity 58781K, committed 58960K, reserved 1099776K
  class space    used 6383K, capacity 8053K, committed 8140K, reserved 1048576K
}
Event: 66.148 GC heap before
{Heap before GC invocations=202 (full 0):
 garbage-first heap   total 485376K, used 222195K [0x00000000e0000000, 0x0000000100000000)
  region size 1024K, 4 young (4096K), 2 survivors (2048K)
 Metaspace       used 54917K, capacity 58781K, committed 58960K, reserved 1099776K
  class space    used 6383K, capacity 8053K, committed 8140K, reserved 1048576K
}
Event: 66.157 GC heap after
{Heap after GC invocations=203 (full 0):
 garbage-first heap   total 485376K, used 220709K [0x00000000e0000000, 0x0000000100000000)
  region size 1024K, 2 young (2048K), 2 survivors (2048K)
 Metaspace       used 54917K, capacity 58781K, committed 58960K, reserved 1099776K
  class space    used 6383K, capacity 8053K, committed 8140K, reserved 1048576K
}
Event: 67.415 GC heap before
{Heap before GC invocations=204 (full 0):
 garbage-first heap   total 485376K, used 220709K [0x00000000e0000000, 0x0000000100000000)
  region size 1024K, 12 young (12288K), 2 survivors (2048K)
 Metaspace       used 55025K, capacity 58821K, committed 58960K, reserved 1099776K
  class space    used 6398K, capacity 8057K, committed 8140K, reserved 1048576K
}
Event: 67.430 GC heap after
{Heap after GC invocations=205 (full 0):
 garbage-first heap   total 485376K, used 211577K [0x00000000e0000000, 0x0000000100000000)
  region size 1024K, 2 young (2048K), 2 survivors (2048K)
 Metaspace       used 55025K, capacity 58821K, committed 58960K, reserved 1099776K
  class space    used 6398K, capacity 8057K, committed 8140K, reserved 1048576K
}
Event: 70.889 GC heap before
{Heap before GC invocations=206 (full 0):
 garbage-first heap   total 485376K, used 238201K [0x00000000e0000000, 0x0000000100000000)
  region size 1024K, 29 young (29696K), 2 survivors (2048K)
 Metaspace       used 55270K, capacity 59207K, committed 59472K, reserved 1101824K
  class space    used 6423K, capacity 8105K, committed 8140K, reserved 1048576K
}
Event: 70.904 GC heap after
{Heap after GC invocations=207 (full 0):
 garbage-first heap   total 485376K, used 211864K [0x00000000e0000000, 0x0000000100000000)
  region size 1024K, 2 young (2048K), 2 survivors (2048K)
 Metaspace       used 55270K, capacity 59207K, committed 59472K, reserved 1101824K
  class space    used 6423K, capacity 8105K, committed 8140K, reserved 1048576K
}
Event: 70.982 GC heap before
{Heap before GC invocations=208 (full 0):
 garbage-first heap   total 485376K, used 258968K [0x00000000e0000000, 0x0000000100000000)
  region size 1024K, 4 young (4096K), 2 survivors (2048K)
 Metaspace       used 55272K, capacity 59210K, committed 59472K, reserved 1101824K
  class space    used 6423K, capacity 8106K, committed 8140K, reserved 1048576K
}
Event: 71.005 GC heap after
{Heap after GC invocations=209 (full 0):
 garbage-first heap   total 485376K, used 257697K [0x00000000e0000000, 0x0000000100000000)
  region size 1024K, 2 young (2048K), 2 survivors (2048K)
 Metaspace       used 55272K, capacity 59210K, committed 59472K, reserved 1101824K
  class space    used 6423K, capacity 8106K, committed 8140K, reserved 1048576K
}
Event: 72.191 GC heap before
{Heap before GC invocations=210 (full 0):
 garbage-first heap   total 485376K, used 220833K [0x00000000e0000000, 0x0000000100000000)
  region size 1024K, 12 young (12288K), 2 survivors (2048K)
 Metaspace       used 55381K, capacity 59250K, committed 59472K, reserved 1101824K
  class space    used 6438K, capacity 8110K, committed 8140K, reserved 1048576K
}
Event: 72.206 GC heap after
{Heap after GC invocations=211 (full 0):
 garbage-first heap   total 485376K, used 211653K [0x00000000e0000000, 0x0000000100000000)
  region size 1024K, 2 young (2048K), 2 survivors (2048K)
 Metaspace       used 55381K, capacity 59250K, committed 59472K, reserved 1101824K
  class space    used 6438K, capacity 8110K, committed 8140K, reserved 1048576K
}
Event: 73.409 GC heap before
{Heap before GC invocations=212 (full 0):
 garbage-first heap   total 485376K, used 220869K [0x00000000e0000000, 0x0000000100000000)
  region size 1024K, 12 young (12288K), 2 survivors (2048K)
 Metaspace       used 55498K, capacity 59354K, committed 59472K, reserved 1101824K
  class space    used 6453K, capacity 8114K, committed 8140K, reserved 1048576K
}
Event: 73.442 GC heap after
{Heap after GC invocations=213 (full 0):
 garbage-first heap   total 485376K, used 211703K [0x00000000e0000000, 0x0000000100000000)
  region size 1024K, 2 young (2048K), 2 survivors (2048K)
 Metaspace       used 55498K, capacity 59354K, committed 59472K, reserved 1101824K
  class space    used 6453K, capacity 8114K, committed 8140K, reserved 1048576K
}
Event: 76.357 GC heap before
{Heap before GC invocations=214 (full 0):
 garbage-first heap   total 485376K, used 385783K [0x00000000e0000000, 0x0000000100000000)
  region size 1024K, 120 young (122880K), 2 survivors (2048K)
 Metaspace       used 62400K, capacity 66348K, committed 66640K, reserved 1105920K
  class space    used 7634K, capacity 9317K, committed 9420K, reserved 1048576K
}
Event: 76.374 GC heap after
{Heap after GC invocations=215 (full 0):
 garbage-first heap   total 485376K, used 268358K [0x00000000e0000000, 0x0000000100000000)
  region size 1024K, 3 young (3072K), 3 survivors (3072K)
 Metaspace       used 62400K, capacity 66348K, committed 66640K, reserved 1105920K
  class space    used 7634K, capacity 9317K, committed 9420K, reserved 1048576K
}

