# JRE version: OpenJDK Runtime Environment (11.0.10+9) (build 11.0.10+9-Ubuntu-0ubuntu1.20.04)
# Java VM: OpenJDK 64-Bit Server VM (11.0.10+9-Ubuntu-0ubuntu1.20.04, mixed mode, sharing, tiered, compressed oops, g1 gc, linux-amd64)
Heap:
 garbage-first heap   total 498688K, used 231220K [0x00000000e0000000, 0x0000000100000000)
  region size 1024K, 40 young (40960K), 4 survivors (4096K)
 Metaspace       used 62825K, capacity 66797K, committed 66896K, reserved 1107968K
  class space    used 7694K, capacity 9390K, committed 9420K, reserved 1048576K
GC Heap History (20 events):
Event: 63.619 GC heap before
{Heap before GC invocations=196 (full 0):
 garbage-first heap   total 498688K, used 245996K [0x00000000e0000000, 0x0000000100000000)
  region size 1024K, 27 young (27648K), 2 survivors (2048K)
 Metaspace       used 54667K, capacity 58492K, committed 58704K, reserved 1099776K
  class space    used 6358K, capacity 8034K, committed 8140K, reserved 1048576K
}
Event: 63.634 GC heap after
{Heap after GC invocations=197 (full 0):
 garbage-first heap   total 498688K, used 220938K [0x00000000e0000000, 0x0000000100000000)
  region size 1024K, 2 young (2048K), 2 survivors (2048K)
 Metaspace       used 54667K, capacity 58492K, committed 58704K, reserved 1099776K
  class space    used 6358K, capacity 8034K, committed 8140K, reserved 1048576K
}
Event: 67.119 GC heap before
{Heap before GC invocations=198 (full 0):
 garbage-first heap   total 498688K, used 246538K [0x00000000e0000000, 0x0000000100000000)
  region size 1024K, 28 young (28672K), 2 survivors (2048K)
 Metaspace       used 54890K, capacity 58713K, committed 58960K, reserved 1099776K
  class space    used 6381K, capacity 8050K, committed 8140K, reserved 1048576K
}
Event: 67.147 GC heap after
{Heap after GC invocations=199 (full 0):
 garbage-first heap   total 498688K, used 220928K [0x00000000e0000000, 0x0000000100000000)
  region size 1024K, 2 young (2048K), 2 survivors (2048K)
 Metaspace       used 54890K, capacity 58713K, committed 58960K, reserved 1099776K
  class space    used 6381K, capacity 8050K, committed 8140K, reserved 1048576K
}
Event: 67.213 GC heap before
{Heap before GC invocations=200 (full 0):
 garbage-first heap   total 498688K, used 249600K [0x00000000e0000000, 0x0000000100000000)
  region size 1024K, 4 young (4096K), 2 survivors (2048K)
 Metaspace       used 54891K, capacity 58713K, committed 58960K, reserved 1099776K
  class space    used 6381K, capacity 8050K, committed 8140K, reserved 1048576K
}
Event: 67.229 GC heap after
{Heap after GC invocations=201 (full 0):
 garbage-first heap   total 498688K, used 248238K [0x00000000e0000000, 0x0000000100000000)
  region size 1024K, 2 young (2048K), 2 survivors (2048K)
 Metaspace       used 54891K, capacity 58713K, committed 58960K, reserved 1099776K
  class space    used 6381K, capacity 8050K, committed 8140K, reserved 1048576K
}
Event: 69.672 GC heap before
{Heap before GC invocations=202 (full 0):
 garbage-first heap   total 498688K, used 236974K [0x00000000e0000000, 0x0000000100000000)
  region size 1024K, 19 young (19456K), 2 survivors (2048K)
 Metaspace       used 55051K, capacity 58867K, committed 58960K, reserved 1099776K
  class space    used 6401K, capacity 8061K, committed 8140K, reserved 1048576K
}
Event: 69.700 GC heap after
{Heap after GC invocations=203 (full 0):
 garbage-first heap   total 498688K, used 220822K [0x00000000e0000000, 0x0000000100000000)
  region size 1024K, 2 young (2048K), 2 survivors (2048K)
 Metaspace       used 55051K, capacity 58867K, committed 58960K, reserved 1099776K
  class space    used 6401K, capacity 8061K, committed 8140K, reserved 1048576K
}
Event: 72.016 GC heap before
{Heap before GC invocations=204 (full 0):
 garbage-first heap   total 498688K, used 240278K [0x00000000e0000000, 0x0000000100000000)
  region size 1024K, 22 young (22528K), 2 survivors (2048K)
 Metaspace       used 55239K, capacity 59078K, committed 59216K, reserved 1099776K
  class space    used 6421K, capacity 8103K, committed 8140K, reserved 1048576K
}
Event: 72.048 GC heap after
{Heap after GC invocations=205 (full 0):
 garbage-first heap   total 498688K, used 220879K [0x00000000e0000000, 0x0000000100000000)
  region size 1024K, 2 young (2048K), 2 survivors (2048K)
 Metaspace       used 55239K, capacity 59078K, committed 59216K, reserved 1099776K
  class space    used 6421K, capacity 8103K, committed 8140K, reserved 1048576K
}
Event: 72.127 GC heap before
{Heap before GC invocations=206 (full 0):
 garbage-first heap   total 498688K, used 267983K [0x00000000e0000000, 0x0000000100000000)
  region size 1024K, 4 young (4096K), 2 survivors (2048K)
 Metaspace       used 55240K, capacity 59078K, committed 59216K, reserved 1099776K
  class space    used 6421K, capacity 8103K, committed 8140K, reserved 1048576K
}
Event: 72.139 GC heap after
{Heap after GC invocations=207 (full 0):
 garbage-first heap   total 498688K, used 266698K [0x00000000e0000000, 0x0000000100000000)
  region size 1024K, 2 young (2048K), 2 survivors (2048K)
 Metaspace       used 55240K, capacity 59078K, committed 59216K, reserved 1099776K
  class space    used 6421K, capacity 8103K, committed 8140K, reserved 1048576K
}
Event: 74.455 GC heap before
{Heap before GC invocations=208 (full 0):
 garbage-first heap   total 498688K, used 237002K [0x00000000e0000000, 0x0000000100000000)
  region size 1024K, 19 young (19456K), 2 survivors (2048K)
 Metaspace       used 55402K, capacity 59228K, committed 59472K, reserved 1101824K
  class space    used 6440K, capacity 8112K, committed 8140K, reserved 1048576K
}
Event: 74.471 GC heap after
{Heap after GC invocations=209 (full 0):
 garbage-first heap   total 498688K, used 220918K [0x00000000e0000000, 0x0000000100000000)
  region size 1024K, 2 young (2048K), 2 survivors (2048K)
 Metaspace       used 55402K, capacity 59228K, committed 59472K, reserved 1101824K
  class space    used 6440K, capacity 8112K, committed 8140K, reserved 1048576K
}
Event: 74.542 GC heap before
{Heap before GC invocations=210 (full 0):
 garbage-first heap   total 498688K, used 221942K [0x00000000e0000000, 0x0000000100000000)
  region size 1024K, 4 young (4096K), 2 survivors (2048K)
 Metaspace       used 55402K, capacity 59228K, committed 59472K, reserved 1101824K
  class space    used 6440K, capacity 8112K, committed 8140K, reserved 1048576K
}
Event: 74.552 GC heap after
{Heap after GC invocations=211 (full 0):
 garbage-first heap   total 498688K, used 220685K [0x00000000e0000000, 0x0000000100000000)
  region size 1024K, 2 young (2048K), 2 survivors (2048K)
 Metaspace       used 55402K, capacity 59228K, committed 59472K, reserved 1101824K
  class space    used 6440K, capacity 8112K, committed 8140K, reserved 1048576K
}
Event: 77.496 GC heap before
{Heap before GC invocations=212 (full 0):
 garbage-first heap   total 498688K, used 377357K [0x00000000e0000000, 0x0000000100000000)
  region size 1024K, 156 young (159744K), 2 survivors (2048K)
 Metaspace       used 62341K, capacity 66286K, committed 66640K, reserved 1105920K
  class space    used 7625K, capacity 9320K, committed 9420K, reserved 1048576K
}
Event: 77.508 GC heap after
{Heap after GC invocations=213 (full 0):
 garbage-first heap   total 498688K, used 222241K [0x00000000e0000000, 0x0000000100000000)
  region size 1024K, 3 young (3072K), 3 survivors (3072K)
 Metaspace       used 62341K, capacity 66286K, committed 66640K, reserved 1105920K
  class space    used 7625K, capacity 9320K, committed 9420K, reserved 1048576K
}
Event: 83.200 GC heap before
{Heap before GC invocations=214 (full 0):
 garbage-first heap   total 498688K, used 406561K [0x00000000e0000000, 0x0000000100000000)
  region size 1024K, 184 young (188416K), 3 survivors (3072K)
 Metaspace       used 62823K, capacity 66796K, committed 66896K, reserved 1107968K
  class space    used 7694K, capacity 9390K, committed 9420K, reserved 1048576K
}
Event: 83.213 GC heap after
{Heap after GC invocations=215 (full 0):
 garbage-first heap   total 498688K, used 223028K [0x00000000e0000000, 0x0000000100000000)
  region size 1024K, 4 young (4096K), 4 survivors (4096K)
 Metaspace       used 62823K, capacity 66796K, committed 66896K, reserved 1107968K
  class space    used 7694K, capacity 9390K, committed 9420K, reserved 1048576K
}

